# JRE version: Java(TM) SE Runtime Environment (7.0_51-b13) (build 1.7.0_51-b13)
# Java VM: Java HotSpot(TM) 64-Bit Server VM (24.51-b03 mixed mode windows-amd64 compressed oops)
Heap
 PSYoungGen      total 37888K, used 26474K [0x00000007d5800000, 0x00000007d9700000, 0x0000000800000000)
  eden space 32768K, 68% used [0x00000007d5800000,0x00000007d6e0dfd8,0x00000007d7800000)
  from space 5120K, 75% used [0x00000007d7880000,0x00000007d7c4ca10,0x00000007d7d80000)
  to   space 15872K, 0% used [0x00000007d8780000,0x00000007d8780000,0x00000007d9700000)
 ParOldGen       total 87040K, used 27096K [0x0000000780800000, 0x0000000785d00000, 0x00000007d5800000)
  object space 87040K, 31% used [0x0000000780800000,0x0000000782276300,0x0000000785d00000)
 PSPermGen       total 21504K, used 20756K [0x000000077b600000, 0x000000077cb00000, 0x0000000780800000)
  object space 21504K, 96% used [0x000000077b600000,0x000000077ca45308,0x000000077cb00000)
GC Heap History (10 events):
Event: 101.518 GC heap before
{Heap before GC invocations=1 (full 0):
 PSYoungGen      total 38400K, used 33280K [0x00000007d5800000, 0x00000007d8280000, 0x0000000800000000)
  eden space 33280K, 100% used [0x00000007d5800000,0x00000007d7880000,0x00000007d7880000)
  from space 5120K, 0% used [0x00000007d7d80000,0x00000007d7d80000,0x00000007d8280000)
  to   space 5120K, 0% used [0x00000007d7880000,0x00000007d7880000,0x00000007d7d80000)
 ParOldGen       total 87040K, used 0K [0x0000000780800000, 0x0000000785d00000, 0x00000007d5800000)
  object space 87040K, 0% used [0x0000000780800000,0x0000000780800000,0x0000000785d00000)
 PSPermGen       total 21504K, used 12746K [0x000000077b600000, 0x000000077cb00000, 0x0000000780800000)
  object space 21504K, 59% used [0x000000077b600000,0x000000077c272900,0x000000077cb00000)
Event: 101.542 GC heap after
Heap after GC invocations=1 (full 0):
 PSYoungGen      total 38400K, used 5088K [0x00000007d5800000, 0x00000007d8280000, 0x0000000800000000)
  eden space 33280K, 0% used [0x00000007d5800000,0x00000007d5800000,0x00000007d7880000)
  from space 5120K, 99% used [0x00000007d7880000,0x00000007d7d78030,0x00000007d7d80000)
  to   space 5120K, 0% used [0x00000007d7d80000,0x00000007d7d80000,0x00000007d8280000)
 ParOldGen       total 87040K, used 9336K [0x0000000780800000, 0x0000000785d00000, 0x00000007d5800000)
  object space 87040K, 10% used [0x0000000780800000,0x000000078111e2b0,0x0000000785d00000)
 PSPermGen       total 21504K, used 12746K [0x000000077b600000, 0x000000077cb00000, 0x0000000780800000)
  object space 21504K, 59% used [0x000000077b600000,0x000000077c272900,0x000000077cb00000)
}
Event: 324.595 GC heap before
{Heap before GC invocations=2 (full 0):
 PSYoungGen      total 38400K, used 38368K [0x00000007d5800000, 0x00000007d8280000, 0x0000000800000000)
  eden space 33280K, 100% used [0x00000007d5800000,0x00000007d7880000,0x00000007d7880000)
  from space 5120K, 99% used [0x00000007d7880000,0x00000007d7d78030,0x00000007d7d80000)
  to   space 5120K, 0% used [0x00000007d7d80000,0x00000007d7d80000,0x00000007d8280000)
 ParOldGen       total 87040K, used 9336K [0x0000000780800000, 0x0000000785d00000, 0x00000007d5800000)
  object space 87040K, 10% used [0x0000000780800000,0x000000078111e2b0,0x0000000785d00000)
 PSPermGen       total 21504K, used 12839K [0x000000077b600000, 0x000000077cb00000, 0x0000000780800000)
  object space 21504K, 59% used [0x000000077b600000,0x000000077c289c20,0x000000077cb00000)
Event: 324.613 GC heap after
Heap after GC invocations=2 (full 0):
 PSYoungGen      total 38400K, used 5088K [0x00000007d5800000, 0x00000007d8280000, 0x0000000800000000)
  eden space 33280K, 0% used [0x00000007d5800000,0x00000007d5800000,0x00000007d7880000)
  from space 5120K, 99% used [0x00000007d7d80000,0x00000007d8278010,0x00000007d8280000)
  to   space 5120K, 0% used [0x00000007d7880000,0x00000007d7880000,0x00000007d7d80000)
 ParOldGen       total 87040K, used 13496K [0x0000000780800000, 0x0000000785d00000, 0x00000007d5800000)
  object space 87040K, 15% used [0x0000000780800000,0x000000078152e2c0,0x0000000785d00000)
 PSPermGen       total 21504K, used 12839K [0x000000077b600000, 0x000000077cb00000, 0x0000000780800000)
  object space 21504K, 59% used [0x000000077b600000,0x000000077c289c20,0x000000077cb00000)
}
Event: 619.788 GC heap before
{Heap before GC invocations=3 (full 0):
 PSYoungGen      total 38400K, used 38368K [0x00000007d5800000, 0x00000007d8280000, 0x0000000800000000)
  eden space 33280K, 100% used [0x00000007d5800000,0x00000007d7880000,0x00000007d7880000)
  from space 5120K, 99% used [0x00000007d7d80000,0x00000007d8278010,0x00000007d8280000)
  to   space 5120K, 0% used [0x00000007d7880000,0x00000007d7880000,0x00000007d7d80000)
 ParOldGen       total 87040K, used 13496K [0x0000000780800000, 0x0000000785d00000, 0x00000007d5800000)
  object space 87040K, 15% used [0x0000000780800000,0x000000078152e2c0,0x0000000785d00000)
 PSPermGen       total 21504K, used 12843K [0x000000077b600000, 0x000000077cb00000, 0x0000000780800000)
  object space 21504K, 59% used [0x000000077b600000,0x000000077c28ad98,0x000000077cb00000)
Event: 619.796 GC heap after
Heap after GC invocations=3 (full 0):
 PSYoungGen      total 38400K, used 1104K [0x00000007d5800000, 0x00000007d8280000, 0x0000000800000000)
  eden space 33280K, 0% used [0x00000007d5800000,0x00000007d5800000,0x00000007d7880000)
  from space 5120K, 21% used [0x00000007d7880000,0x00000007d7994010,0x00000007d7d80000)
  to   space 5120K, 0% used [0x00000007d7d80000,0x00000007d7d80000,0x00000007d8280000)
 ParOldGen       total 87040K, used 13504K [0x0000000780800000, 0x0000000785d00000, 0x00000007d5800000)
  object space 87040K, 15% used [0x0000000780800000,0x00000007815302c0,0x0000000785d00000)
 PSPermGen       total 21504K, used 12843K [0x000000077b600000, 0x000000077cb00000, 0x0000000780800000)
  object space 21504K, 59% used [0x000000077b600000,0x000000077c28ad98,0x000000077cb00000)
}
Event: 764.867 GC heap before
{Heap before GC invocations=4 (full 0):
 PSYoungGen      total 38400K, used 31905K [0x00000007d5800000, 0x00000007d8280000, 0x0000000800000000)
  eden space 33280K, 92% used [0x00000007d5800000,0x00000007d76144e0,0x00000007d7880000)
  from space 5120K, 21% used [0x00000007d7880000,0x00000007d7994010,0x00000007d7d80000)
  to   space 5120K, 0% used [0x00000007d7d80000,0x00000007d7d80000,0x00000007d8280000)
 ParOldGen       total 87040K, used 13504K [0x0000000780800000, 0x0000000785d00000, 0x00000007d5800000)
  object space 87040K, 15% used [0x0000000780800000,0x00000007815302c0,0x0000000785d00000)
 PSPermGen       total 21504K, used 19155K [0x000000077b600000, 0x000000077cb00000, 0x0000000780800000)
  object space 21504K, 89% used [0x000000077b600000,0x000000077c8b4f20,0x000000077cb00000)
Event: 764.877 GC heap after
Heap after GC invocations=4 (full 0):
 PSYoungGen      total 38400K, used 5054K [0x00000007d5800000, 0x00000007d8280000, 0x0000000800000000)
  eden space 33280K, 0% used [0x00000007d5800000,0x00000007d5800000,0x00000007d7880000)
  from space 5120K, 98% used [0x00000007d7d80000,0x00000007d826f950,0x00000007d8280000)
  to   space 5120K, 0% used [0x00000007d7880000,0x00000007d7880000,0x00000007d7d80000)
 ParOldGen       total 87040K, used 27088K [0x0000000780800000, 0x0000000785d00000, 0x00000007d5800000)
  object space 87040K, 31% used [0x0000000780800000,0x0000000782274300,0x0000000785d00000)
 PSPermGen       total 21504K, used 19155K [0x000000077b600000, 0x000000077cb00000, 0x0000000780800000)
  object space 21504K, 89% used [0x000000077b600000,0x000000077c8b4f20,0x000000077cb00000)
}
Event: 772.480 GC heap before
{Heap before GC invocations=5 (full 0):
 PSYoungGen      total 38400K, used 38334K [0x00000007d5800000, 0x00000007d8280000, 0x0000000800000000)
  eden space 33280K, 100% used [0x00000007d5800000,0x00000007d7880000,0x00000007d7880000)
  from space 5120K, 98% used [0x00000007d7d80000,0x00000007d826f950,0x00000007d8280000)
  to   space 5120K, 0% used [0x00000007d7880000,0x00000007d7880000,0x00000007d7d80000)
 ParOldGen       total 87040K, used 27088K [0x0000000780800000, 0x0000000785d00000, 0x00000007d5800000)
  object space 87040K, 31% used [0x0000000780800000,0x0000000782274300,0x0000000785d00000)
 PSPermGen       total 21504K, used 20438K [0x000000077b600000, 0x000000077cb00000, 0x0000000780800000)
  object space 21504K, 95% used [0x000000077b600000,0x000000077c9f5b58,0x000000077cb00000)
Event: 772.486 GC heap after
Heap after GC invocations=5 (full 0):
 PSYoungGen      total 37888K, used 3890K [0x00000007d5800000, 0x00000007d9700000, 0x0000000800000000)
  eden space 32768K, 0% used [0x00000007d5800000,0x00000007d5800000,0x00000007d7800000)
  from space 5120K, 75% used [0x00000007d7880000,0x00000007d7c4ca10,0x00000007d7d80000)
  to   space 15872K, 0% used [0x00000007d8780000,0x00000007d8780000,0x00000007d9700000)
 ParOldGen       total 87040K, used 27096K [0x0000000780800000, 0x0000000785d00000, 0x00000007d5800000)
  object space 87040K, 31% used [0x0000000780800000,0x0000000782276300,0x0000000785d00000)
 PSPermGen       total 21504K, used 20438K [0x000000077b600000, 0x000000077cb00000, 0x0000000780800000)
  object space 21504K, 95% used [0x000000077b600000,0x000000077c9f5b58,0x000000077cb00000)
}

